Microsoft (R) Macro Assembler Version 14.28.29336.0	    03/11/21 17:17:55
!Project 6     (Proj6_dunnand.asm			     Page 1 - 1


				TITLE Project 6     (Proj6_dunnand.asm)

				; Author: Andrew Dunn
				; Last Modified: 2/28/2021
				; OSU email address: dunnand@oregonstate.edu
				; Course number/section:   CS271 Section 400
				; Project Number: 6                Due Date: 3/14/2021
				; Description: This program generates a random array of 200 integers between 10 and 29.
				; It then sorts the array and prints the sorted values. It calculates the median value and prints it
				; It then counts the total of each number within the sorted array and creates a new array with the
				; counts of each number between 10 and 29.


				INCLUDE Irvine32.inc
			      C ; Include file for Irvine32.lib             (Irvine32.inc)
			      C 
			      C ;OPTION CASEMAP:NONE		; optional: make identifiers case-sensitive
			      C 
			      C INCLUDE SmallWin.inc		; MS-Windows prototypes, structures, and constants
			      C .NOLIST
			      C .LIST
			      C 
			      C INCLUDE VirtualKeys.inc
			      C ; VirtualKeys.inc
			      C .NOLIST
			      C .LIST
			      C 
			      C 
			      C .NOLIST
			      C .LIST
			      C 

				mGetString MACRO outputLocation, outputLocationSize
					; get user input and allowable input size
					MOV EDX, outputLocation
					MOV ECX, outputLocationSize
					CALL ReadString
				ENDM

				mDisplayString MACRO inputLocation
					; Display input string
					MOV EDX, inputLocation
					CALL WriteString
				ENDM

 = 0000000A			ARRAYSIZE = 10

 00000000			.data
 00000000 50 52 4F 47 52		intro_1				BYTE	"PROGRAMMING ASSIGNMENT 6: Designing low-level I/O procedures", 13, 10 
	   41 4D 4D 49 4E
	   47 20 41 53 53
	   49 47 4E 4D 45
	   4E 54 20 36 3A
	   20 44 65 73 69
	   67 6E 69 6E 67
	   20 6C 6F 77 2D
	   6C 65 76 65 6C
	   20 49 2F 4F 20
	   70 72 6F 63 65
	   64 75 72 65 73
	   0D 0A
 0000003E  57 72 69 74 74							BYTE	"Written by: Andrew Dunn" , 13, 10, 0
	   65 6E 20 62 79
	   3A 20 41 6E 64
	   72 65 77 20 44
	   75 6E 6E 0D 0A
	   00
 00000058 50 6C 65 61 73		intro_2				BYTE	"Please provide 10 signed decimal integers.", 13, 10
	   65 20 70 72 6F
	   76 69 64 65 20
	   31 30 20 73 69
	   67 6E 65 64 20
	   64 65 63 69 6D
	   61 6C 20 69 6E
	   74 65 67 65 72
	   73 2E 0D 0A
 00000084  45 61 63 68 20							BYTE	"Each number needs to be small enough to fit inside a 32 bit register.", 13, 10
	   6E 75 6D 62 65
	   72 20 6E 65 65
	   64 73 20 74 6F
	   20 62 65 20 73
	   6D 61 6C 6C 20
	   65 6E 6F 75 67
	   68 20 74 6F 20
	   66 69 74 20 69
	   6E 73 69 64 65
	   20 61 20 33 32
	   20 62 69 74 20
	   72 65 67 69 73
	   74 65 72 2E 0D
	   0A
 000000CB  41 66 74 65 72							BYTE	"After you have finished inputting the raw numbers I will display", 13, 10
	   20 79 6F 75 20
	   68 61 76 65 20
	   66 69 6E 69 73
	   68 65 64 20 69
	   6E 70 75 74 74
	   69 6E 67 20 74
	   68 65 20 72 61
	   77 20 6E 75 6D
	   62 65 72 73 20
	   49 20 77 69 6C
	   6C 20 64 69 73
	   70 6C 61 79 0D
	   0A
 0000010D  61 20 6C 69 73							BYTE	"a list of the integers, their sum, and their average value.", 13, 10, 0
	   74 20 6F 66 20
	   74 68 65 20 69
	   6E 74 65 67 65
	   72 73 2C 20 74
	   68 65 69 72 20
	   73 75 6D 2C 20
	   61 6E 64 20 74
	   68 65 69 72 20
	   61 76 65 72 61
	   67 65 20 76 61
	   6C 75 65 2E 0D
	   0A 00
 0000014B 45 52 52 4F 52		error_1				BYTE	"ERROR: You did not enter a signed number or your number was too big.", 13, 10
	   3A 20 59 6F 75
	   20 64 69 64 20
	   6E 6F 74 20 65
	   6E 74 65 72 20
	   61 20 73 69 67
	   6E 65 64 20 6E
	   75 6D 62 65 72
	   20 6F 72 20 79
	   6F 75 72 20 6E
	   75 6D 62 65 72
	   20 77 61 73 20
	   74 6F 6F 20 62
	   69 67 2E 0D 0A
 00000191  50 6C 65 61 73							BYTE	"Please try again: ", 0
	   65 20 74 72 79
	   20 61 67 61 69
	   6E 3A 20 00
 000001A4 54 68 61 6E 6B		outro_1				BYTE	"Thanks for playing!", 0
	   73 20 66 6F 72
	   20 70 6C 61 79
	   69 6E 67 21 00
 000001B8 50 6C 65 61 73		prompt_1			BYTE	"Please enter an signed number: ", 0
	   65 20 65 6E 74
	   65 72 20 61 6E
	   20 73 69 67 6E
	   65 64 20 6E 75
	   6D 62 65 72 3A
	   20 00
 000001D8  00000021 [			userString			BYTE	33 DUP(0) 
	    00
	   ]
 000001F9 00000000			validChar			DWORD	?
 000001FD  0000000A [			userArray			SDWORD	10 DUP(?)
	    00000000
	   ]
 00000225 52 45 4D 4F 56		tempHeader			BYTE	"REMOVE ME: ", 13, 10, 0
	   45 20 4D 45 3A
	   20 0D 0A 00


				; (insert variable definitions here)

 00000000			.code
 00000000			main PROC
					; Introduction
 00000000  68 00000000 R		PUSH OFFSET intro_1
 00000005  68 00000058 R		PUSH OFFSET intro_2
 0000000A  E8 00000042			CALL introduction

 0000000F  68 000001F9 R		PUSH OFFSET validChar
 00000014  68 0000014B R		PUSH OFFSET error_1
 00000019  68 000001B8 R		PUSH OFFSET prompt_1
 0000001E  68 000001D8 R		PUSH OFFSET userString
 00000023  6A 21			PUSH SIZEOF userString
 00000025  68 000001FD R		PUSH OFFSET userArray
 0000002A  E8 00000043			CALL ReadVal

 0000002F  68 00000225 R		PUSH OFFSET tempHeader
 00000034  6A 0A			PUSH ARRAYSIZE
 00000036  68 000001FD R		PUSH OFFSET userArray
 0000003B  E8 00000113			CALL displayList

					; Goodbye
 00000040  68 000001A4 R		PUSH OFFSET outro_1
 00000045  E8 00000201			CALL farewell
				; (insert executable instructions here)

					Invoke ExitProcess,0	; exit to operating system
 0000004A  6A 00	   *	    push   +000000000h
 0000004C  E8 00000000 E   *	    call   ExitProcess
 00000051			main ENDP

				; ---------------------------------------------------------------------------------
				;  Name: introduction
				;	
				;  Introduces the name of the program and programmer
				;
				;  Receives: intro_1, intro_2
				;
				;  Preconditions:  None
				;
				;  Postconditions: Displays introductory messages, intro_2 OFFSET in EDX
				;
				;  Returns: None
				; ---------------------------------------------------------------------------------
 00000051			introduction PROC
					; save stack frame
 00000051  55				PUSH EBP
 00000052  8B EC			MOV EBP, ESP

					; print intro_1
 00000054  8B 55 0C			MOV EDX, [EBP+12]
 00000057  E8 00000000 E		CALL WriteString
 0000005C  E8 00000000 E		CALL Crlf

					; print intro_2
 00000061  8B 55 08			MOV EDX, [EBP+8]
 00000064  E8 00000000 E		CALL WriteString
 00000069  E8 00000000 E		CALL Crlf
					
					; return procedure
 0000006E  5D				POP EBP
 0000006F  C2 0008			RET 8
 00000072			introduction ENDP

				; ---------------------------------------------------------------------------------
				;  Name: ReadVal
				;	
				;  Prompts user for an integer value, reads it as a string and converts to SDWORD, 
				;	and then stores this value in 
				;
				;  Receives: prompt_1, userString, userArray
				;
				;  Preconditions: randomArray must be a DWORD array
				;
				;  Postconditions: None
				;
				;  Returns: userArray
				; ---------------------------------------------------------------------------------

 00000072			ReadVal PROC
					; build stack frame
 00000072  55				PUSH EBP
 00000073  8B EC			MOV EBP, ESP
 00000075  52				PUSH EDX
 00000076  51				PUSH ECX
 00000077  53				PUSH EBX

					; Set loop counter (EBX because macro uses ECX.)
 00000078  BB 0000000A			MOV EBX, 10
 0000007D  8B 7D 08			MOV EDI, [EBP + 8]

					;prompt user for input
 00000080			_promptUserNumber:
 00000080  8B 55 14			MOV EDX, [EBP + 20]
 00000083  E8 00000000 E		CALL WriteString

					; Call getString Macro
 00000088			_getString:
					mGetString [EBP + 16], [EBP + 12]
 00000088  8B 55 10	     1		MOV EDX, [EBP + 16]
 0000008B  8B 4D 0C	     1		MOV ECX, [EBP + 12]
 0000008E  E8 00000000 E     1		CALL ReadString
					; Postconditions: number of bytes read in EAX. Entered string in EDX
					
 00000093  FF 75 1C			PUSH [EBP + 28]			; validChar offset
 00000096  50				PUSH EAX				; Number of Bytes read
 00000097  57				PUSH EDI				; userArray offset
 00000098  52				PUSH EDX				; This is the current string OFFSET
 00000099  E8 00000026			CALL convertString

					; Compare validChar to 0, continue with loop if valid, alert user if invalid number
 0000009E  8B 55 1C			MOV EDX, [EBP + 28]		
 000000A1  8B 02			MOV EAX, [EDX]
 000000A3  83 F8 00			CMP EAX, 0
 000000A6  7F 02			JG _errorInvalidNumber
 000000A8  EB 0A			JMP _noError

 000000AA			_errorInvalidNumber:
					mDisplayString [EBP + 24]
 000000AA  8B 55 18	     1		MOV EDX, [EBP + 24]
 000000AD  E8 00000000 E     1		CALL WriteString
 000000B2  EB D4			JMP _getString

 000000B4			_noError:
 000000B4  83 C7 04			ADD EDI, 4
 000000B7  4B				DEC	EBX
 000000B8  83 FB 00			CMP EBX, 0
 000000BB  75 C3			JNE _promptUserNumber

 000000BD  5B				POP EBX
 000000BE  59				POP ECX
 000000BF  5A				POP EDX
 000000C0  5D				POP EBP
 000000C1  C2 0018			RET 24
 000000C4			ReadVal ENDP

				; ---------------------------------------------------------------------------------
				;  Name: convertString
				;	
				;  Converts a string value to integer using string primitives
				;
				;  Receives: userString, userString Size, userArray
				;
				;  Preconditions:  None
				;
				;  Postconditions: None
				;
				;  Returns: userString
				; ---------------------------------------------------------------------------------
 000000C4			convertString PROC
					LOCAL numInt:SDWORD
					LOCAL negVal:DWORD
 000000C4  55		   *	    push   ebp
 000000C5  8B EC	   *	    mov    ebp, esp
 000000C7  83 C4 F8	   *	    add    esp, 0FFFFFFF8h
 000000CA  50				PUSH EAX
 000000CB  53				PUSH EBX
 000000CC  51				PUSH ECX
 000000CD  52				PUSH EDX
 000000CE  57				PUSH EDI
 000000CF  56				PUSH ESI

					; Assign values from the stack 
 000000D0  33 C0			XOR EAX, EAX
 000000D2  89 45 FC			MOV numInt, EAX
 000000D5  89 45 F8			MOV negVal, EAX
 000000D8  8B 7D 0C			MOV EDI, [EBP + 12]			; userArray to store numeric values
 000000DB  8B 75 08			MOV ESI, [EBP + 8]			; user entered string
 000000DE  8B 4D 10			MOV ECX, [EBP + 16]			; length of string
 000000E1  8B 55 14			MOV EDX, [EBP + 20]			; validChar offset used to validate string
 000000E4  89 02			MOV [EDX], EAX				; initialize validChar to 0 (valid status)
					
					; Load first value
 000000E6  AC				LODSB

					; Check if value is + sign, else continue to loop 
 000000E7  3C 2B			CMP AL, 43
 000000E9  74 06			JE _positiveSign

 000000EB  3C 2D			CMP AL, 45
 000000ED  74 0A			JE _negativeSign
 000000EF  EB 19			JMP _checkString

 000000F1			_positiveSign:
					; Invalidate if plus sign only string value entered
 000000F1  49				DEC ECX
 000000F2  83 F9 00			CMP ECX, 0
 000000F5  74 44			JE _invalid
 000000F7  EB 10			JMP _stringLoop

 000000F9			_negativeSign:
					; Check if value is - sign, else continue to loop 
 000000F9  49				DEC ECX
 000000FA  83 F9 00			CMP ECX, 0
 000000FD  74 3C			JE _invalid
 000000FF  B8 00000001			MOV EAX, 1
 00000104  89 45 F8			MOV negVal, EAX
 00000107  EB 00			JMP _stringLoop

 00000109			_stringLoop:
 00000109  AC				LODSB

 0000010A			_checkString:
 0000010A  3C 30			CMP AL, 48
 0000010C  7C 2D			JL _invalid
 0000010E  3C 39			CMP AL, 57
 00000110  7F 29			JG _invalid

 00000112  0F B6 D8			MOVZX EBX, AL
 00000115  83 EB 30			SUB EBX, 48
 00000118  B8 0000000A			MOV EAX, 10
 0000011D  F7 65 FC			MUL numInt
 00000120  03 C3			ADD EAX, EBX
 00000122  89 45 FC			MOV numInt, EAX
 00000125  49				DEC ECX
 00000126  83 F9 00			CMP ECX, 0
 00000129  74 02			JE _storeString
 0000012B  EB DC			JMP _stringLoop

 0000012D			_storeString:
					; Check if negVal was set to 1 (indicates a - sign was entered at start of string)
 0000012D  8B 5D F8			MOV EBX, negVal
 00000130  83 FB 01			CMP EBX, 1
 00000133  75 02			JNE _positive
 00000135  F7 D8			NEG EAX			; set value negative if negVal 1

					; Store numeric value in user Array
 00000137			_positive:
 00000137  89 07			MOV [EDI], EAX
 00000139  EB 09			JMP _valid

 0000013B			_invalid:
					; If invalid update validChar to 1 (invalid status)
 0000013B  B8 00000001			MOV EAX, 1
 00000140  89 02			MOV [EDX], EAX
 00000142  EB 05			JMP _doneConverting

 00000144			_valid:
 00000144  33 C0			XOR EAX, EAX
 00000146  89 45 14			MOV [EBP + 20], EAX

 00000149			_doneConverting:
 00000149  5E				POP ESI
 0000014A  5F				POP EDI
 0000014B  5A				POP EDX
 0000014C  59				POP ECX
 0000014D  5B				POP EBX
 0000014E  58				POP EAX
 0000014F  C9		   *	    leave  
 00000150  C2 0010			RET 16
 00000153			convertString ENDP

				; ---------------------------------------------------------------------------------
				;  Name: displayList
				;	
				;  Displays the random array
				;
				;  Receives: unsortedHeader, randomArray, ARRAYSIZE
				;
				;  Preconditions:  randomArray must be a DWORD array
				;
				;  Postconditions: EAX, EBX changed
				;
				;  Returns: randomArray
				; ---------------------------------------------------------------------------------
 00000153			displayList PROC
					; save stack frame
 00000153  55				PUSH EBP
 00000154  8B EC			MOV EBP, ESP
 00000156  51				PUSH ECX
 00000157  56				PUSH ESI
 00000158  52				PUSH EDX


 00000159  8B 4D 0C			MOV ECX, [EBP + 12]		; ArraySize
 0000015C  8B 75 08			MOV ESI, [EBP + 8]		; Array OFFSET
 0000015F  8B 55 10			MOV EDX, [EBP + 16]		; Header
 00000162  BB 00000014			MOV EBX, 20

 00000167  E8 00000000 E		CALL WriteString 

 0000016C			_printLoop:
					; check if new line
 0000016C  8B 45 0C			MOV EAX, [EBP + 12]			; Move ARRAYSIZE into EAX
 0000016F  2B C1			SUB EAX, ECX				; Subtract counter from ARRAYSIZE for total printed
 00000171  33 D2			XOR EDX, EDX
 00000173  F7 F3			DIV EBX						; Divide by 20
 00000175  83 FA 00			CMP EDX, 0					; Print new line if divisible by 20
 00000178  75 05			JNE _printCurrValue
 0000017A  E8 00000000 E		Call Crlf

 0000017F			_printCurrValue:
					; Read value current value into EAX and print
 0000017F  8B 06			MOV EAX, [ESI]
 00000181  E8 00000000 E		CALL WriteInt
 00000186  B0 20			MOV AL, ' '
 00000188  E8 00000000 E		CALL WriteChar
 0000018D  83 C6 04			ADD ESI, 4
 00000190  E2 DA			LOOP _printLoop

					; reset stack frame
 00000192  E8 00000000 E		Call Crlf
 00000197  E8 00000000 E		Call Crlf
 0000019C  5A				POP EDX
 0000019D  5E				POP ESI
 0000019E  59				POP ECX
 0000019F  5D				POP EBP
 000001A0  C2 0008			RET 8
 000001A3			displayList ENDP

				; ---------------------------------------------------------------------------------
				;  Name: WriteVal
				;	
				;  Sorts the array passed to the procedure
				;
				;  Receives: randomArray, ARRAYSIZE
				;
				;  Preconditions:  randomArray must be DWORD array
				;
				;  Postconditions:  EAX changed, EDX changed 
				;
				;  Returns: randomArray
				; ---------------------------------------------------------------------------------
 000001A3			sortList PROC
					; save stack frame
 000001A3  55				PUSH EBP
 000001A4  8B EC			MOV EBP, ESP

 000001A6  5D				POP EBP
 000001A7  C2 0008			RET 8
 000001AA			sortList ENDP

				; ---------------------------------------------------------------------------------
				;  Name: exchangeElements
				;	
				;  exchanges two elements of an array
				;
				;  Receives: None
				;
				;  Preconditions: randomArray must be a DWORD array, value of current index in EAX, value of next index in EDX, address of current index in EDI
				;
				;  Postconditions: None
				;
				;  Returns: current and next index values are swapped 
				; ---------------------------------------------------------------------------------
 000001AA			exchangeElements PROC
					; save stack frame
 000001AA  55				PUSH EBP
 000001AB  8B EC			MOV EBP, ESP

					; swap the values
 000001AD  89 17			MOV [EDI], EDX
 000001AF  89 47 04			MOV [EDI + 4], EAX

 000001B2  5D				POP EBP
 000001B3  C3				RET
 000001B4			exchangeElements ENDP

				; ---------------------------------------------------------------------------------
				;  Name: displayMedian
				;	
				;  Sorts the array passed to the procedure
				;
				;  Receives: randomArray, ARRAYSIZE
				;
				;  Preconditions:  randomArray must be DWORD array
				;
				;  Postconditions:   EAX, EBX, ECX, and EDX changed, median displayed
				;
				;  Returns: None
				; ---------------------------------------------------------------------------------
 000001B4			displayMedian PROC
					; save stack frame
 000001B4  55				PUSH EBP
 000001B5  8B EC			MOV EBP, ESP

 000001B7  8B 45 0C			MOV EAX, [EBP + 12]			; ARRAYSIZE
 000001BA  8B 75 08			MOV ESI, [EBP + 8]			; randomArray address

					; Check if ARRAYSIZE is odd or even
 000001BD  33 D2			XOR EDX, EDX
 000001BF  B9 00000002			MOV ECX, 2
 000001C4  F7 F1			DIV ECX
 000001C6  83 FA 00			CMP EDX, 0
 000001C9  75 24			JNE _oddNumberedArray

					; If array is even, get addresses of the middle two numbers of the sorted array
 000001CB  BB 00000004			MOV EBX, 4					; EAX is quotient of ARRAYSIZE DIV 2
 000001D0  F7 E3			MUL EBX						; MUL EBX gives address of middle index in EAX
 000001D2  8B 14 06			MOV EDX, [ESI + EAX]		; Middle number 1
 000001D5  2B C3			SUB EAX, EBX
 000001D7  8B 1C 06			MOV EBX, [ESI + EAX]		; Middle number 2
					
					; Find average of two middle numbers
 000001DA  03 DA			ADD EBX, EDX
 000001DC  8B C3			MOV EAX, EBX
 000001DE  BB 00000002			MOV EBX, 2
 000001E3  33 D2			XOR EDX, EDX
 000001E5  F7 F3			DIV EBX
					
					; If integer, print the result, else round up and print the result
 000001E7  83 FA 00			CMP EDX, 0 
 000001EA  74 0F			JE _printMedian
 000001EC  40				INC EAX
 000001ED  EB 0C			JMP _printMedian

 000001EF			_oddNumberedArray:
					; If odd numbered array, find the middle of array and print result
 000001EF  BB 00000004			MOV EBX, 4					; EAX is quotient of ARRAYSIZE DIV 2
 000001F4  F7 E3			MUL EBX						; MUL EBX gives address of middle index in EAX
 000001F6  8B 1C 06			MOV EBX, [ESI+EAX]
 000001F9  8B C3			MOV EAX, EBX
					
 000001FB			_printMedian:
 000001FB  8B 55 10			MOV EDX, [EBP + 16]
 000001FE  E8 00000000 E		CALL WriteString
 00000203  E8 00000000 E		CALL WriteDec
 00000208  E8 00000000 E		CALL Crlf
 0000020D  E8 00000000 E		CALL Crlf

 00000212  5D				POP EBP
 00000213  C2 0008			RET 8
 00000216			displayMedian ENDP

				; ---------------------------------------------------------------------------------
				;  Name: generateCounts
				;	
				;  populates the counts array with total amount of each random number
				;
				;  Preconditions: counts must be DWORD array
				;
				;  Postconditions: EAX, ECX, EDX changed, Goodbye message displayed
				;
				;  Receives: Arraysize, counts, HI, LO
				;
				;  Returns: None
				; ---------------------------------------------------------------------------------
 00000216			generateCounts PROC
					; save stack frame
 00000216  55				PUSH EBP
 00000217  8B EC			MOV EBP, ESP
 00000219  56				PUSH ESI
 0000021A  57				PUSH EDI

 0000021B  8B 4D 18			MOV ECX, [EBP + 24]			; ARRAYSIZE
 0000021E  8B 7D 14			MOV EDI, [EBP + 20]			; counts
 00000221  8B 75 08			MOV ESI, [EBP + 8]			; randomArray                                                                                                                                                          ]
 00000224  8B 45 0C			MOV EAX, [EBP + 12]			; LO
 00000227  33 D2			XOR EDX, EDX				; current count

 00000229			_startCount:
 00000229  8B 1E			MOV EBX, [ESI]
 0000022B  3B C3			CMP EAX, EBX
 0000022D  75 07			JNE _endCount
 0000022F  42				INC EDX
 00000230  83 C6 04			ADD ESI, 4
 00000233  49				DEC ECX
 00000234  75 F3			JNZ _startCount

 00000236			_endCount:
 00000236  89 17			MOV [EDI], EDX
 00000238  83 C7 04			ADD EDI, 4
 0000023B  33 D2			XOR EDX, EDX
 0000023D  40				INC EAX
 0000023E  83 F9 00			CMP ECX, 0
 00000241  74 02			JE _doneCounting
 00000243  EB E4			JMP _startCount

 00000245			_doneCounting:
 00000245  5F				POP EDI
 00000246  5E				POP ESI
 00000247  5D				POP EBP
 00000248  C2 0014			RET 20
 0000024B			generateCounts ENDP

				; ---------------------------------------------------------------------------------
				;  Name: farewell
				;	
				;  Displays goodbye message to the user
				;
				;  Preconditions: None
				;
				;  Postconditions: Goodbye message displayed
				;
				;  Receives: outro_1
				;
				;  Returns: None
				; ---------------------------------------------------------------------------------
 0000024B			farewell PROC
					; save stack frame
 0000024B  55				PUSH EBP
 0000024C  8B EC			MOV EBP, ESP

					; print greeting_1
 0000024E  8B 55 08			MOV EDX, [EBP+8]
 00000251  E8 00000000 E		CALL WriteString
 00000256  E8 00000000 E		CALL Crlf
					
					; return procedure
 0000025B  5D				POP EBP
 0000025C  C2 0008			RET 8
 0000025F			farewell ENDP

				END main
Microsoft (R) Macro Assembler Version 14.28.29336.0	    03/11/21 17:17:55
!Project 6     (Proj6_dunnand.asm			     Symbols 2 - 1




Macros:

                N a m e                 Type

mDisplayString . . . . . . . . .	Proc
mGetString . . . . . . . . . . .	Proc


Structures and Unions:

                N a m e                  Size
                                         Offset      Type

CONSOLE_CURSOR_INFO  . . . . . .	 00000008
  dwSize . . . . . . . . . . . .	 00000000	 DWord
  bVisible . . . . . . . . . . .	 00000004	 DWord
CONSOLE_SCREEN_BUFFER_INFO . . .	 00000016
  dwSize . . . . . . . . . . . .	 00000000	 DWord
  dwCursorPosition . . . . . . .	 00000004	 DWord
  wAttributes  . . . . . . . . .	 00000008	 Word
  srWindow . . . . . . . . . . .	 0000000A	 QWord
  dwMaximumWindowSize  . . . . .	 00000012	 DWord
COORD  . . . . . . . . . . . . .	 00000004
  X  . . . . . . . . . . . . . .	 00000000	 Word
  Y  . . . . . . . . . . . . . .	 00000002	 Word
FILETIME . . . . . . . . . . . .	 00000008
  loDateTime . . . . . . . . . .	 00000000	 DWord
  hiDateTime . . . . . . . . . .	 00000004	 DWord
FOCUS_EVENT_RECORD . . . . . . .	 00000004
  bSetFocus  . . . . . . . . . .	 00000000	 DWord
FPU_ENVIRON  . . . . . . . . . .	 0000001C
  controlWord  . . . . . . . . .	 00000000	 Word
  statusWord . . . . . . . . . .	 00000004	 Word
  tagWord  . . . . . . . . . . .	 00000008	 Word
  instrPointerOffset . . . . . .	 0000000C	 DWord
  instrPointerSelector . . . . .	 00000010	 DWord
  operandPointerOffset . . . . .	 00000014	 DWord
  operandPointerSelector . . . .	 00000018	 Word
INPUT_RECORD . . . . . . . . . .	 00000014
  EventType  . . . . . . . . . .	 00000000	 Word
  Event  . . . . . . . . . . . .	 00000004	 XmmWord
  bKeyDown . . . . . . . . . . .	 00000000	 DWord
  wRepeatCount . . . . . . . . .	 00000004	 Word
  wVirtualKeyCode  . . . . . . .	 00000006	 Word
  wVirtualScanCode . . . . . . .	 00000008	 Word
  uChar  . . . . . . . . . . . .	 0000000A	 Word
  UnicodeChar  . . . . . . . . .	 00000000	 Word
  AsciiChar  . . . . . . . . . .	 00000000	 Byte
  dwControlKeyState  . . . . . .	 0000000C	 DWord
  dwMousePosition  . . . . . . .	 00000000	 DWord
  dwButtonState  . . . . . . . .	 00000004	 DWord
  dwMouseControlKeyState . . . .	 00000008	 DWord
  dwEventFlags . . . . . . . . .	 0000000C	 DWord
  dwSize . . . . . . . . . . . .	 00000000	 DWord
  dwCommandId  . . . . . . . . .	 00000000	 DWord
  bSetFocus  . . . . . . . . . .	 00000000	 DWord
KEY_EVENT_RECORD . . . . . . . .	 00000010
  bKeyDown . . . . . . . . . . .	 00000000	 DWord
  wRepeatCount . . . . . . . . .	 00000004	 Word
  wVirtualKeyCode  . . . . . . .	 00000006	 Word
  wVirtualScanCode . . . . . . .	 00000008	 Word
  uChar  . . . . . . . . . . . .	 0000000A	 Word
  UnicodeChar  . . . . . . . . .	 00000000	 Word
  AsciiChar  . . . . . . . . . .	 00000000	 Byte
  dwControlKeyState  . . . . . .	 0000000C	 DWord
MENU_EVENT_RECORD  . . . . . . .	 00000004
  dwCommandId  . . . . . . . . .	 00000000	 DWord
MOUSE_EVENT_RECORD . . . . . . .	 00000010
  dwMousePosition  . . . . . . .	 00000000	 DWord
  dwButtonState  . . . . . . . .	 00000004	 DWord
  dwMouseControlKeyState . . . .	 00000008	 DWord
  dwEventFlags . . . . . . . . .	 0000000C	 DWord
SMALL_RECT . . . . . . . . . . .	 00000008
  Left . . . . . . . . . . . . .	 00000000	 Word
  Top  . . . . . . . . . . . . .	 00000002	 Word
  Right  . . . . . . . . . . . .	 00000004	 Word
  Bottom . . . . . . . . . . . .	 00000006	 Word
SYSTEMTIME . . . . . . . . . . .	 00000010
  wYear  . . . . . . . . . . . .	 00000000	 Word
  wMonth . . . . . . . . . . . .	 00000002	 Word
  wDayOfWeek . . . . . . . . . .	 00000004	 Word
  wDay . . . . . . . . . . . . .	 00000006	 Word
  wHour  . . . . . . . . . . . .	 00000008	 Word
  wMinute  . . . . . . . . . . .	 0000000A	 Word
  wSecond  . . . . . . . . . . .	 0000000C	 Word
  wMilliseconds  . . . . . . . .	 0000000E	 Word
WINDOW_BUFFER_SIZE_RECORD  . . .	 00000004
  dwSize . . . . . . . . . . . .	 00000000	 DWord


Segments and Groups:

                N a m e                 Size     Length   Align   Combine Class

FLAT . . . . . . . . . . . . . .	GROUP
STACK  . . . . . . . . . . . . .	32 Bit	 00001000 Para	  Stack	  'STACK'	 
_DATA  . . . . . . . . . . . . .	32 Bit	 00000233 Para	  Public  'DATA'	
_TEXT  . . . . . . . . . . . . .	32 Bit	 0000025F Para	  Public  'CODE'	


Procedures, parameters, and locals:

                N a m e                 Type     Value    Attr

CloseFile  . . . . . . . . . . .	P Near	 00000000 FLAT	Length= 00000000 External STDCALL
CloseHandle  . . . . . . . . . .	P Near	 00000000 FLAT	Length= 00000000 External STDCALL
Clrscr . . . . . . . . . . . . .	P Near	 00000000 FLAT	Length= 00000000 External STDCALL
CreateFileA  . . . . . . . . . .	P Near	 00000000 FLAT	Length= 00000000 External STDCALL
CreateOutputFile . . . . . . . .	P Near	 00000000 FLAT	Length= 00000000 External STDCALL
Crlf . . . . . . . . . . . . . .	P Near	 00000000 FLAT	Length= 00000000 External STDCALL
Delay  . . . . . . . . . . . . .	P Near	 00000000 FLAT	Length= 00000000 External STDCALL
DumpMem  . . . . . . . . . . . .	P Near	 00000000 FLAT	Length= 00000000 External STDCALL
DumpRegs . . . . . . . . . . . .	P Near	 00000000 FLAT	Length= 00000000 External STDCALL
ExitProcess  . . . . . . . . . .	P Near	 00000000 FLAT	Length= 00000000 External STDCALL
FileTimeToDosDateTime  . . . . .	P Near	 00000000 FLAT	Length= 00000000 External STDCALL
FileTimeToSystemTime . . . . . .	P Near	 00000000 FLAT	Length= 00000000 External STDCALL
FlushConsoleInputBuffer  . . . .	P Near	 00000000 FLAT	Length= 00000000 External STDCALL
FormatMessageA . . . . . . . . .	P Near	 00000000 FLAT	Length= 00000000 External STDCALL
GetCommandLineA  . . . . . . . .	P Near	 00000000 FLAT	Length= 00000000 External STDCALL
GetCommandTail . . . . . . . . .	P Near	 00000000 FLAT	Length= 00000000 External STDCALL
GetConsoleCP . . . . . . . . . .	P Near	 00000000 FLAT	Length= 00000000 External STDCALL
GetConsoleCursorInfo . . . . . .	P Near	 00000000 FLAT	Length= 00000000 External STDCALL
GetConsoleMode . . . . . . . . .	P Near	 00000000 FLAT	Length= 00000000 External STDCALL
GetConsoleScreenBufferInfo . . .	P Near	 00000000 FLAT	Length= 00000000 External STDCALL
GetDateTime  . . . . . . . . . .	P Near	 00000000 FLAT	Length= 00000000 External STDCALL
GetFileTime  . . . . . . . . . .	P Near	 00000000 FLAT	Length= 00000000 External STDCALL
GetKeyState  . . . . . . . . . .	P Near	 00000000 FLAT	Length= 00000000 External STDCALL
GetLastError . . . . . . . . . .	P Near	 00000000 FLAT	Length= 00000000 External STDCALL
GetLocalTime . . . . . . . . . .	P Near	 00000000 FLAT	Length= 00000000 External STDCALL
GetMaxXY . . . . . . . . . . . .	P Near	 00000000 FLAT	Length= 00000000 External STDCALL
GetMseconds  . . . . . . . . . .	P Near	 00000000 FLAT	Length= 00000000 External STDCALL
GetNumberOfConsoleInputEvents  .	P Near	 00000000 FLAT	Length= 00000000 External STDCALL
GetProcessHeap . . . . . . . . .	P Near	 00000000 FLAT	Length= 00000000 External STDCALL
GetStdHandle . . . . . . . . . .	P Near	 00000000 FLAT	Length= 00000000 External STDCALL
GetSystemTime  . . . . . . . . .	P Near	 00000000 FLAT	Length= 00000000 External STDCALL
GetTextColor . . . . . . . . . .	P Near	 00000000 FLAT	Length= 00000000 External STDCALL
GetTickCount . . . . . . . . . .	P Near	 00000000 FLAT	Length= 00000000 External STDCALL
Gotoxy . . . . . . . . . . . . .	P Near	 00000000 FLAT	Length= 00000000 External STDCALL
HeapAlloc  . . . . . . . . . . .	P Near	 00000000 FLAT	Length= 00000000 External STDCALL
HeapCreate . . . . . . . . . . .	P Near	 00000000 FLAT	Length= 00000000 External STDCALL
HeapDestroy  . . . . . . . . . .	P Near	 00000000 FLAT	Length= 00000000 External STDCALL
HeapFree . . . . . . . . . . . .	P Near	 00000000 FLAT	Length= 00000000 External STDCALL
HeapSize . . . . . . . . . . . .	P Near	 00000000 FLAT	Length= 00000000 External STDCALL
IsDigit  . . . . . . . . . . . .	P Near	 00000000 FLAT	Length= 00000000 External STDCALL
LocalFree  . . . . . . . . . . .	P Near	 00000000 FLAT	Length= 00000000 External STDCALL
MessageBoxA  . . . . . . . . . .	P Near	 00000000 FLAT	Length= 00000000 External STDCALL
MsgBoxAsk  . . . . . . . . . . .	P Near	 00000000 FLAT	Length= 00000000 External STDCALL
MsgBox . . . . . . . . . . . . .	P Near	 00000000 FLAT	Length= 00000000 External STDCALL
OpenInputFile  . . . . . . . . .	P Near	 00000000 FLAT	Length= 00000000 External STDCALL
ParseDecimal32 . . . . . . . . .	P Near	 00000000 FLAT	Length= 00000000 External STDCALL
ParseInteger32 . . . . . . . . .	P Near	 00000000 FLAT	Length= 00000000 External STDCALL
PeekConsoleInputA  . . . . . . .	P Near	 00000000 FLAT	Length= 00000000 External STDCALL
Random32 . . . . . . . . . . . .	P Near	 00000000 FLAT	Length= 00000000 External STDCALL
RandomRange  . . . . . . . . . .	P Near	 00000000 FLAT	Length= 00000000 External STDCALL
Randomize  . . . . . . . . . . .	P Near	 00000000 FLAT	Length= 00000000 External STDCALL
ReadChar . . . . . . . . . . . .	P Near	 00000000 FLAT	Length= 00000000 External STDCALL
ReadConsoleA . . . . . . . . . .	P Near	 00000000 FLAT	Length= 00000000 External STDCALL
ReadConsoleInputA  . . . . . . .	P Near	 00000000 FLAT	Length= 00000000 External STDCALL
ReadDec  . . . . . . . . . . . .	P Near	 00000000 FLAT	Length= 00000000 External STDCALL
ReadFile . . . . . . . . . . . .	P Near	 00000000 FLAT	Length= 00000000 External STDCALL
ReadFloat  . . . . . . . . . . .	P Near	 00000000 FLAT	Length= 00000000 External STDCALL
ReadFromFile . . . . . . . . . .	P Near	 00000000 FLAT	Length= 00000000 External STDCALL
ReadHex  . . . . . . . . . . . .	P Near	 00000000 FLAT	Length= 00000000 External STDCALL
ReadInt  . . . . . . . . . . . .	P Near	 00000000 FLAT	Length= 00000000 External STDCALL
ReadKeyFlush . . . . . . . . . .	P Near	 00000000 FLAT	Length= 00000000 External STDCALL
ReadKey  . . . . . . . . . . . .	P Near	 00000000 FLAT	Length= 00000000 External STDCALL
ReadString . . . . . . . . . . .	P Near	 00000000 FLAT	Length= 00000000 External STDCALL
ReadVal  . . . . . . . . . . . .	P Near	 00000072 _TEXT	Length= 00000052 Public STDCALL
  _promptUserNumber  . . . . . .	L Near	 00000080 _TEXT	
  _getString . . . . . . . . . .	L Near	 00000088 _TEXT	
  _errorInvalidNumber  . . . . .	L Near	 000000AA _TEXT	
  _noError . . . . . . . . . . .	L Near	 000000B4 _TEXT	
SetConsoleCursorInfo . . . . . .	P Near	 00000000 FLAT	Length= 00000000 External STDCALL
SetConsoleCursorPosition . . . .	P Near	 00000000 FLAT	Length= 00000000 External STDCALL
SetConsoleMode . . . . . . . . .	P Near	 00000000 FLAT	Length= 00000000 External STDCALL
SetConsoleScreenBufferSize . . .	P Near	 00000000 FLAT	Length= 00000000 External STDCALL
SetConsoleTextAttribute  . . . .	P Near	 00000000 FLAT	Length= 00000000 External STDCALL
SetConsoleTitleA . . . . . . . .	P Near	 00000000 FLAT	Length= 00000000 External STDCALL
SetConsoleWindowInfo . . . . . .	P Near	 00000000 FLAT	Length= 00000000 External STDCALL
SetFilePointer . . . . . . . . .	P Near	 00000000 FLAT	Length= 00000000 External STDCALL
SetLocalTime . . . . . . . . . .	P Near	 00000000 FLAT	Length= 00000000 External STDCALL
SetTextColor . . . . . . . . . .	P Near	 00000000 FLAT	Length= 00000000 External STDCALL
ShowFPUStack . . . . . . . . . .	P Near	 00000000 FLAT	Length= 00000000 External STDCALL
Sleep  . . . . . . . . . . . . .	P Near	 00000000 FLAT	Length= 00000000 External STDCALL
StrLength  . . . . . . . . . . .	P Near	 00000000 FLAT	Length= 00000000 External STDCALL
Str_compare  . . . . . . . . . .	P Near	 00000000 FLAT	Length= 00000000 External STDCALL
Str_copy . . . . . . . . . . . .	P Near	 00000000 FLAT	Length= 00000000 External STDCALL
Str_length . . . . . . . . . . .	P Near	 00000000 FLAT	Length= 00000000 External STDCALL
Str_trim . . . . . . . . . . . .	P Near	 00000000 FLAT	Length= 00000000 External STDCALL
Str_ucase  . . . . . . . . . . .	P Near	 00000000 FLAT	Length= 00000000 External STDCALL
SystemTimeToFileTime . . . . . .	P Near	 00000000 FLAT	Length= 00000000 External STDCALL
WaitMsg  . . . . . . . . . . . .	P Near	 00000000 FLAT	Length= 00000000 External STDCALL
WriteBinB  . . . . . . . . . . .	P Near	 00000000 FLAT	Length= 00000000 External STDCALL
WriteBin . . . . . . . . . . . .	P Near	 00000000 FLAT	Length= 00000000 External STDCALL
WriteChar  . . . . . . . . . . .	P Near	 00000000 FLAT	Length= 00000000 External STDCALL
WriteConsoleA  . . . . . . . . .	P Near	 00000000 FLAT	Length= 00000000 External STDCALL
WriteConsoleOutputAttribute  . .	P Near	 00000000 FLAT	Length= 00000000 External STDCALL
WriteConsoleOutputCharacterA . .	P Near	 00000000 FLAT	Length= 00000000 External STDCALL
WriteDec . . . . . . . . . . . .	P Near	 00000000 FLAT	Length= 00000000 External STDCALL
WriteFile  . . . . . . . . . . .	P Near	 00000000 FLAT	Length= 00000000 External STDCALL
WriteFloat . . . . . . . . . . .	P Near	 00000000 FLAT	Length= 00000000 External STDCALL
WriteHexB  . . . . . . . . . . .	P Near	 00000000 FLAT	Length= 00000000 External STDCALL
WriteHex . . . . . . . . . . . .	P Near	 00000000 FLAT	Length= 00000000 External STDCALL
WriteInt . . . . . . . . . . . .	P Near	 00000000 FLAT	Length= 00000000 External STDCALL
WriteStackFrameName  . . . . . .	P Near	 00000000 FLAT	Length= 00000000 External STDCALL
WriteStackFrame  . . . . . . . .	P Near	 00000000 FLAT	Length= 00000000 External STDCALL
WriteString  . . . . . . . . . .	P Near	 00000000 FLAT	Length= 00000000 External STDCALL
WriteToFile  . . . . . . . . . .	P Near	 00000000 FLAT	Length= 00000000 External STDCALL
WriteWindowsMsg  . . . . . . . .	P Near	 00000000 FLAT	Length= 00000000 External STDCALL
convertString  . . . . . . . . .	P Near	 000000C4 _TEXT	Length= 0000008F Public STDCALL
  numInt . . . . . . . . . . . .	DWord	 bp - 00000004
  negVal . . . . . . . . . . . .	DWord	 bp - 00000008
  _positiveSign  . . . . . . . .	L Near	 000000F1 _TEXT	
  _negativeSign  . . . . . . . .	L Near	 000000F9 _TEXT	
  _stringLoop  . . . . . . . . .	L Near	 00000109 _TEXT	
  _checkString . . . . . . . . .	L Near	 0000010A _TEXT	
  _storeString . . . . . . . . .	L Near	 0000012D _TEXT	
  _positive  . . . . . . . . . .	L Near	 00000137 _TEXT	
  _invalid . . . . . . . . . . .	L Near	 0000013B _TEXT	
  _valid . . . . . . . . . . . .	L Near	 00000144 _TEXT	
  _doneConverting  . . . . . . .	L Near	 00000149 _TEXT	
displayList  . . . . . . . . . .	P Near	 00000153 _TEXT	Length= 00000050 Public STDCALL
  _printLoop . . . . . . . . . .	L Near	 0000016C _TEXT	
  _printCurrValue  . . . . . . .	L Near	 0000017F _TEXT	
displayMedian  . . . . . . . . .	P Near	 000001B4 _TEXT	Length= 00000062 Public STDCALL
  _oddNumberedArray  . . . . . .	L Near	 000001EF _TEXT	
  _printMedian . . . . . . . . .	L Near	 000001FB _TEXT	
exchangeElements . . . . . . . .	P Near	 000001AA _TEXT	Length= 0000000A Public STDCALL
farewell . . . . . . . . . . . .	P Near	 0000024B _TEXT	Length= 00000014 Public STDCALL
generateCounts . . . . . . . . .	P Near	 00000216 _TEXT	Length= 00000035 Public STDCALL
  _startCount  . . . . . . . . .	L Near	 00000229 _TEXT	
  _endCount  . . . . . . . . . .	L Near	 00000236 _TEXT	
  _doneCounting  . . . . . . . .	L Near	 00000245 _TEXT	
introduction . . . . . . . . . .	P Near	 00000051 _TEXT	Length= 00000021 Public STDCALL
main . . . . . . . . . . . . . .	P Near	 00000000 _TEXT	Length= 00000051 Public STDCALL
printf . . . . . . . . . . . . .	P Near	 00000000 FLAT	Length= 00000000 External C
scanf  . . . . . . . . . . . . .	P Near	 00000000 FLAT	Length= 00000000 External C
sortList . . . . . . . . . . . .	P Near	 000001A3 _TEXT	Length= 00000007 Public STDCALL
wsprintfA  . . . . . . . . . . .	P Near	 00000000 FLAT	Length= 00000000 External C


Symbols:

                N a m e                 Type     Value    Attr

@CodeSize  . . . . . . . . . . .	Number	 00000000h   
@DataSize  . . . . . . . . . . .	Number	 00000000h   
@Interface . . . . . . . . . . .	Number	 00000003h   
@Model . . . . . . . . . . . . .	Number	 00000007h   
@code  . . . . . . . . . . . . .	Text   	 _TEXT
@data  . . . . . . . . . . . . .	Text   	 FLAT
@fardata?  . . . . . . . . . . .	Text   	 FLAT
@fardata . . . . . . . . . . . .	Text   	 FLAT
@stack . . . . . . . . . . . . .	Text   	 FLAT
ALT_MASK . . . . . . . . . . . .	Number	 00000003h   
ARRAYSIZE  . . . . . . . . . . .	Number	 0000000Ah   
CAPSLOCK_ON  . . . . . . . . . .	Number	 00000080h   
CREATE_ALWAYS  . . . . . . . . .	Number	 00000002h   
CREATE_NEW . . . . . . . . . . .	Number	 00000001h   
CTRL_MASK  . . . . . . . . . . .	Number	 0000000Ch   
CreateFile . . . . . . . . . . .	Text   	 CreateFileA
DO_NOT_SHARE . . . . . . . . . .	Number	 00000000h   
ENABLE_ECHO_INPUT  . . . . . . .	Number	 00000004h   
ENABLE_LINE_INPUT  . . . . . . .	Number	 00000002h   
ENABLE_MOUSE_INPUT . . . . . . .	Number	 00000010h   
ENABLE_PROCESSED_INPUT . . . . .	Number	 00000001h   
ENABLE_PROCESSED_OUTPUT  . . . .	Number	 00000001h   
ENABLE_WINDOW_INPUT  . . . . . .	Number	 00000008h   
ENABLE_WRAP_AT_EOL_OUTPUT  . . .	Number	 00000002h   
ENHANCED_KEY . . . . . . . . . .	Number	 00000100h   
FALSE  . . . . . . . . . . . . .	Number	 00000000h   
FILE_APPEND_DATA . . . . . . . .	Number	 00000004h   
FILE_ATTRIBUTE_ARCHIVE . . . . .	Number	 00000020h   
FILE_ATTRIBUTE_COMPRESSED  . . .	Number	 00000800h   
FILE_ATTRIBUTE_DEVICE  . . . . .	Number	 00000040h   
FILE_ATTRIBUTE_DIRECTORY . . . .	Number	 00000010h   
FILE_ATTRIBUTE_ENCRYPTED . . . .	Number	 00004000h   
FILE_ATTRIBUTE_HIDDEN  . . . . .	Number	 00000002h   
FILE_ATTRIBUTE_NORMAL  . . . . .	Number	 00000080h   
FILE_ATTRIBUTE_NOT_CONTENT_INDEXED .	Number	 00002000h   
FILE_ATTRIBUTE_OFFLINE . . . . .	Number	 00001000h   
FILE_ATTRIBUTE_READONLY  . . . .	Number	 00000001h   
FILE_ATTRIBUTE_REPARSE_POINT . .	Number	 00000400h   
FILE_ATTRIBUTE_SPARSE_FILE . . .	Number	 00000200h   
FILE_ATTRIBUTE_SYSTEM  . . . . .	Number	 00000004h   
FILE_ATTRIBUTE_TEMPORARY . . . .	Number	 00000100h   
FILE_BEGIN . . . . . . . . . . .	Number	 00000000h   
FILE_CURRENT . . . . . . . . . .	Number	 00000001h   
FILE_DELETE_CHILD  . . . . . . .	Number	 00000040h   
FILE_END . . . . . . . . . . . .	Number	 00000002h   
FILE_READ_DATA . . . . . . . . .	Number	 00000001h   
FILE_SHARE_DELETE  . . . . . . .	Number	 00000004h   
FILE_SHARE_READ  . . . . . . . .	Number	 00000001h   
FILE_SHARE_WRITE . . . . . . . .	Number	 00000002h   
FILE_WRITE_DATA  . . . . . . . .	Number	 00000002h   
FOCUS_EVENT  . . . . . . . . . .	Number	 00000010h   
FORMAT_MESSAGE_ALLOCATE_BUFFER .	Number	 00000100h   
FORMAT_MESSAGE_FROM_SYSTEM . . .	Number	 00001000h   
FormatMessage  . . . . . . . . .	Text   	 FormatMessageA
GENERIC_ALL  . . . . . . . . . .	Number	 10000000h   
GENERIC_EXECUTE  . . . . . . . .	Number	 20000000h   
GENERIC_READ . . . . . . . . . .	Number	 -80000000h   
GENERIC_WRITE  . . . . . . . . .	Number	 40000000h   
GetCommandLine . . . . . . . . .	Text   	 GetCommandLineA
HANDLE . . . . . . . . . . . . .	Text   	 DWORD
HEAP_GENERATE_EXCEPTIONS . . . .	Number	 00000004h   
HEAP_GROWABLE  . . . . . . . . .	Number	 00000002h   
HEAP_NO_SERIALIZE  . . . . . . .	Number	 00000001h   
HEAP_REALLOC_IN_PLACE_ONLY . . .	Number	 00000010h   
HEAP_ZERO_MEMORY . . . . . . . .	Number	 00000008h   
IDABORT  . . . . . . . . . . . .	Number	 00000003h   
IDCANCEL . . . . . . . . . . . .	Number	 00000002h   
IDCLOSE  . . . . . . . . . . . .	Number	 00000008h   
IDCONTINUE . . . . . . . . . . .	Number	 0000000Bh   
IDHELP . . . . . . . . . . . . .	Number	 00000009h   
IDIGNORE . . . . . . . . . . . .	Number	 00000005h   
IDNO . . . . . . . . . . . . . .	Number	 00000007h   
IDOK . . . . . . . . . . . . . .	Number	 00000001h   
IDRETRY  . . . . . . . . . . . .	Number	 00000004h   
IDTIMEOUT  . . . . . . . . . . .	Number	 00007D00h   
IDTRYAGAIN . . . . . . . . . . .	Number	 0000000Ah   
IDYES  . . . . . . . . . . . . .	Number	 00000006h   
INVALID_HANDLE_VALUE . . . . . .	Number	 -00000001h   
KBDOWN_FLAG  . . . . . . . . . .	Number	 00000001h   
KEY_EVENT  . . . . . . . . . . .	Number	 00000001h   
KEY_MASKS  . . . . . . . . . . .	Number	 0000001Fh   
LEFT_ALT_PRESSED . . . . . . . .	Number	 00000002h   
LEFT_CTRL_PRESSED  . . . . . . .	Number	 00000008h   
MB_ABORTRETRYIGNORE  . . . . . .	Number	 00000002h   
MB_APPLMODAL . . . . . . . . . .	Number	 00000000h   
MB_CANCELTRYCONTINUE . . . . . .	Number	 00000006h   
MB_DEFBUTTON1  . . . . . . . . .	Number	 00000000h   
MB_DEFBUTTON2  . . . . . . . . .	Number	 00000100h   
MB_DEFBUTTON3  . . . . . . . . .	Number	 00000200h   
MB_DEFBUTTON4  . . . . . . . . .	Number	 00000300h   
MB_HELP  . . . . . . . . . . . .	Number	 00004000h   
MB_ICONASTERISK  . . . . . . . .	Number	 00000040h   
MB_ICONERROR . . . . . . . . . .	Number	 00000010h   
MB_ICONEXCLAMATION . . . . . . .	Number	 00000030h   
MB_ICONHAND  . . . . . . . . . .	Number	 00000010h   
MB_ICONINFORMATION . . . . . . .	Number	 00000040h   
MB_ICONQUESTION  . . . . . . . .	Number	 00000020h   
MB_ICONSTOP  . . . . . . . . . .	Number	 00000010h   
MB_ICONWARNING . . . . . . . . .	Number	 00000030h   
MB_OKCANCEL  . . . . . . . . . .	Number	 00000001h   
MB_OK  . . . . . . . . . . . . .	Number	 00000000h   
MB_RETRYCANCEL . . . . . . . . .	Number	 00000005h   
MB_SYSTEMMODAL . . . . . . . . .	Number	 00001000h   
MB_TASKMODAL . . . . . . . . . .	Number	 00002000h   
MB_USERICON  . . . . . . . . . .	Number	 00000080h   
MB_YESNOCANCEL . . . . . . . . .	Number	 00000003h   
MB_YESNO . . . . . . . . . . . .	Number	 00000004h   
MENU_EVENT . . . . . . . . . . .	Number	 00000008h   
MOUSE_EVENT  . . . . . . . . . .	Number	 00000002h   
MessageBox . . . . . . . . . . .	Text   	 MessageBoxA
NULL . . . . . . . . . . . . . .	Number	 00000000h   
NUMLOCK_ON . . . . . . . . . . .	Number	 00000020h   
OPEN_ALWAYS  . . . . . . . . . .	Number	 00000004h   
OPEN_EXISTING  . . . . . . . . .	Number	 00000003h   
PeekConsoleInput . . . . . . . .	Text   	 PeekConsoleInputA
RIGHT_ALT_PRESSED  . . . . . . .	Number	 00000001h   
RIGHT_CTRL_PRESSED . . . . . . .	Number	 00000004h   
ReadConsoleInput . . . . . . . .	Text   	 ReadConsoleInputA
ReadConsole  . . . . . . . . . .	Text   	 ReadConsoleA
SCROLLLOCK_ON  . . . . . . . . .	Number	 00000040h   
SHIFT_MASK . . . . . . . . . . .	Number	 00000010h   
SHIFT_PRESSED  . . . . . . . . .	Number	 00000010h   
STD_ERROR_HANDLE . . . . . . . .	Number	 -0000000Ch   
STD_INPUT_HANDLE . . . . . . . .	Number	 -0000000Ah   
STD_OUTPUT_HANDLE  . . . . . . .	Number	 -0000000Bh   
SetConsoleTitle  . . . . . . . .	Text   	 SetConsoleTitleA
TAB  . . . . . . . . . . . . . .	Number	 00000009h   
TRUE . . . . . . . . . . . . . .	Number	 00000001h   
TRUNCATE_EXISTING  . . . . . . .	Number	 00000005h   
VK_11  . . . . . . . . . . . . .	Number	 000000BDh   
VK_12  . . . . . . . . . . . . .	Number	 000000BBh   
VK_ADD . . . . . . . . . . . . .	Number	 0000006Bh   
VK_BACK  . . . . . . . . . . . .	Number	 00000008h   
VK_CANCEL  . . . . . . . . . . .	Number	 00000003h   
VK_CAPITAL . . . . . . . . . . .	Number	 00000014h   
VK_CLEAR . . . . . . . . . . . .	Number	 0000000Ch   
VK_CONTROL . . . . . . . . . . .	Number	 00000011h   
VK_DECIMAL . . . . . . . . . . .	Number	 0000006Eh   
VK_DELETE  . . . . . . . . . . .	Number	 0000002Eh   
VK_DIVIDE  . . . . . . . . . . .	Number	 0000006Fh   
VK_DOWN  . . . . . . . . . . . .	Number	 00000028h   
VK_END . . . . . . . . . . . . .	Number	 00000023h   
VK_ESCAPE  . . . . . . . . . . .	Number	 0000001Bh   
VK_EXECUTE . . . . . . . . . . .	Number	 0000002Bh   
VK_F10 . . . . . . . . . . . . .	Number	 00000079h   
VK_F11 . . . . . . . . . . . . .	Number	 0000007Ah   
VK_F12 . . . . . . . . . . . . .	Number	 0000007Bh   
VK_F13 . . . . . . . . . . . . .	Number	 0000007Ch   
VK_F14 . . . . . . . . . . . . .	Number	 0000007Dh   
VK_F15 . . . . . . . . . . . . .	Number	 0000007Eh   
VK_F16 . . . . . . . . . . . . .	Number	 0000007Fh   
VK_F17 . . . . . . . . . . . . .	Number	 00000080h   
VK_F18 . . . . . . . . . . . . .	Number	 00000081h   
VK_F19 . . . . . . . . . . . . .	Number	 00000082h   
VK_F1  . . . . . . . . . . . . .	Number	 00000070h   
VK_F20 . . . . . . . . . . . . .	Number	 00000083h   
VK_F21 . . . . . . . . . . . . .	Number	 00000084h   
VK_F22 . . . . . . . . . . . . .	Number	 00000085h   
VK_F23 . . . . . . . . . . . . .	Number	 00000086h   
VK_F24 . . . . . . . . . . . . .	Number	 00000087h   
VK_F2  . . . . . . . . . . . . .	Number	 00000071h   
VK_F3  . . . . . . . . . . . . .	Number	 00000072h   
VK_F4  . . . . . . . . . . . . .	Number	 00000073h   
VK_F5  . . . . . . . . . . . . .	Number	 00000074h   
VK_F6  . . . . . . . . . . . . .	Number	 00000075h   
VK_F7  . . . . . . . . . . . . .	Number	 00000076h   
VK_F8  . . . . . . . . . . . . .	Number	 00000077h   
VK_F9  . . . . . . . . . . . . .	Number	 00000078h   
VK_HELP  . . . . . . . . . . . .	Number	 0000002Fh   
VK_HOME  . . . . . . . . . . . .	Number	 00000024h   
VK_INSERT  . . . . . . . . . . .	Number	 0000002Dh   
VK_LBUTTON . . . . . . . . . . .	Number	 00000001h   
VK_LCONTROL  . . . . . . . . . .	Number	 000000A2h   
VK_LEFT  . . . . . . . . . . . .	Number	 00000025h   
VK_LMENU . . . . . . . . . . . .	Number	 000000A4h   
VK_LSHIFT  . . . . . . . . . . .	Number	 000000A0h   
VK_MENU  . . . . . . . . . . . .	Number	 00000012h   
VK_MULTIPLY  . . . . . . . . . .	Number	 0000006Ah   
VK_NEXT  . . . . . . . . . . . .	Number	 00000022h   
VK_NUMLOCK . . . . . . . . . . .	Number	 00000090h   
VK_NUMPAD0 . . . . . . . . . . .	Number	 00000060h   
VK_NUMPAD1 . . . . . . . . . . .	Number	 00000061h   
VK_NUMPAD2 . . . . . . . . . . .	Number	 00000062h   
VK_NUMPAD3 . . . . . . . . . . .	Number	 00000063h   
VK_NUMPAD4 . . . . . . . . . . .	Number	 00000064h   
VK_NUMPAD5 . . . . . . . . . . .	Number	 00000065h   
VK_NUMPAD6 . . . . . . . . . . .	Number	 00000066h   
VK_NUMPAD7 . . . . . . . . . . .	Number	 00000067h   
VK_NUMPAD8 . . . . . . . . . . .	Number	 00000068h   
VK_NUMPAD9 . . . . . . . . . . .	Number	 00000069h   
VK_PAUSE . . . . . . . . . . . .	Number	 00000013h   
VK_PRINT . . . . . . . . . . . .	Number	 0000002Ah   
VK_PRIOR . . . . . . . . . . . .	Number	 00000021h   
VK_RBUTTON . . . . . . . . . . .	Number	 00000002h   
VK_RCONTROL  . . . . . . . . . .	Number	 000000A3h   
VK_RETURN  . . . . . . . . . . .	Number	 0000000Dh   
VK_RIGHT . . . . . . . . . . . .	Number	 00000027h   
VK_RMENU . . . . . . . . . . . .	Number	 000000A5h   
VK_RSHIFT  . . . . . . . . . . .	Number	 000000A1h   
VK_SCROLL  . . . . . . . . . . .	Number	 00000091h   
VK_SEPARATER . . . . . . . . . .	Number	 0000006Ch   
VK_SHIFT . . . . . . . . . . . .	Number	 00000010h   
VK_SNAPSHOT  . . . . . . . . . .	Number	 0000002Ch   
VK_SPACE . . . . . . . . . . . .	Number	 00000020h   
VK_SUBTRACT  . . . . . . . . . .	Number	 0000006Dh   
VK_TAB . . . . . . . . . . . . .	Number	 00000009h   
VK_UP  . . . . . . . . . . . . .	Number	 00000026h   
WINDOW_BUFFER_SIZE_EVENT . . . .	Number	 00000004h   
WriteConsoleOutputCharacter  . .	Text   	 WriteConsoleOutputCharacterA
WriteConsole . . . . . . . . . .	Text   	 WriteConsoleA
black  . . . . . . . . . . . . .	Number	 00000000h   
blue . . . . . . . . . . . . . .	Number	 00000001h   
brown  . . . . . . . . . . . . .	Number	 00000006h   
cyan . . . . . . . . . . . . . .	Number	 00000003h   
error_1  . . . . . . . . . . . .	Byte	 0000014B _DATA	
exit . . . . . . . . . . . . . .	Text   	 INVOKE ExitProcess,0
gray . . . . . . . . . . . . . .	Number	 00000008h   
green  . . . . . . . . . . . . .	Number	 00000002h   
intro_1  . . . . . . . . . . . .	Byte	 00000000 _DATA	
intro_2  . . . . . . . . . . . .	Byte	 00000058 _DATA	
lightBlue  . . . . . . . . . . .	Number	 00000009h   
lightCyan  . . . . . . . . . . .	Number	 0000000Bh   
lightGray  . . . . . . . . . . .	Number	 00000007h   
lightGreen . . . . . . . . . . .	Number	 0000000Ah   
lightMagenta . . . . . . . . . .	Number	 0000000Dh   
lightRed . . . . . . . . . . . .	Number	 0000000Ch   
magenta  . . . . . . . . . . . .	Number	 00000005h   
outro_1  . . . . . . . . . . . .	Byte	 000001A4 _DATA	
prompt_1 . . . . . . . . . . . .	Byte	 000001B8 _DATA	
red  . . . . . . . . . . . . . .	Number	 00000004h   
tempHeader . . . . . . . . . . .	Byte	 00000225 _DATA	
userArray  . . . . . . . . . . .	DWord	 000001FD _DATA	
userString . . . . . . . . . . .	Byte	 000001D8 _DATA	
validChar  . . . . . . . . . . .	DWord	 000001F9 _DATA	
white  . . . . . . . . . . . . .	Number	 0000000Fh   
wsprintf . . . . . . . . . . . .	Text   	 wsprintfA
yellow . . . . . . . . . . . . .	Number	 0000000Eh   

	   0 Warnings
	   0 Errors
